Using pre-set license
Built from '2020.3/release' branch; Version is '2020.3.15f2 (6cf78cb77498) revision 7141260'; Using compiler version '192528614'; Build Type 'Release'
OS: 'Windows 10 Pro; OS build 19045.4894; Version 2009; 64bit' Language: 'uk' Physical Memory: 8119 MB
BatchMode: 1, IsHumanControllingUs: 0, StartBugReporterOnCrash: 0, Is64bit: 1, IsPro: 0

 COMMAND LINE ARGUMENTS:
C:\Program Files\Unity\Hub\Editor\2020.3.15f2\Editor\Unity.exe
-adb2
-batchMode
-noUpm
-name
AssetImportWorker1
-projectPath
D:/Projects/Unity/OctoGames
-logFile
Logs/AssetImportWorker1.log
-srvPort
65121
Successfully changed project path to: D:/Projects/Unity/OctoGames
D:/Projects/Unity/OctoGames
Using Asset Import Pipeline V2.
Refreshing native plugins compatible for Editor in 169.23 ms, found 3 plugins.
Preloading 0 native plugins for Editor in 0.00 ms.
Initialize engine version: 2020.3.15f2 (6cf78cb77498)
[Subsystems] Discovering subsystems at path C:/Program Files/Unity/Hub/Editor/2020.3.15f2/Editor/Data/Resources/UnitySubsystems
[Subsystems] Discovering subsystems at path D:/Projects/Unity/OctoGames/Assets
GfxDevice: creating device client; threaded=0
Direct3D:
    Version:  Direct3D 11.0 [level 11.1]
    Renderer: NVIDIA GeForce GTX 1060 6GB (ID=0x1c03)
    Vendor:   
    VRAM:     6029 MB
    Driver:   32.0.15.6094
Initialize mono
Mono path[0] = 'C:/Program Files/Unity/Hub/Editor/2020.3.15f2/Editor/Data/Managed'
Mono path[1] = 'C:/Program Files/Unity/Hub/Editor/2020.3.15f2/Editor/Data/MonoBleedingEdge/lib/mono/unityjit'
Mono config path = 'C:/Program Files/Unity/Hub/Editor/2020.3.15f2/Editor/Data/MonoBleedingEdge/etc'
Using monoOptions --debugger-agent=transport=dt_socket,embedding=1,server=y,suspend=n,address=127.0.0.1:56788
Begin MonoManager ReloadAssembly
Registering precompiled unity dll's ...
Register platform support module: C:/Program Files/Unity/Hub/Editor/2020.3.15f2/Editor/Data/PlaybackEngines/WindowsStandaloneSupport/UnityEditor.WindowsStandalone.Extensions.dll
Registered in 0.004054 seconds.
Native extension for WindowsStandalone target not found
Refreshing native plugins compatible for Editor in 173.44 ms, found 3 plugins.
Preloading 0 native plugins for Editor in 0.00 ms.
Mono: successfully reloaded assembly
- Completed reload, in  2.052 seconds
Domain Reload Profiling:
	ReloadAssembly (2052ms)
		BeginReloadAssembly (101ms)
			ExecutionOrderSort (0ms)
			DisableScriptedObjects (0ms)
			BackupInstance (0ms)
			ReleaseScriptingObjects (0ms)
			CreateAndSetChildDomain (1ms)
		EndReloadAssembly (879ms)
			LoadAssemblies (97ms)
			RebuildTransferFunctionScriptingTraits (0ms)
			SetupTypeCache (281ms)
			ReleaseScriptCaches (0ms)
			RebuildScriptCaches (60ms)
			SetupLoadedEditorAssemblies (405ms)
				LogAssemblyErrors (0ms)
				InitializePlatformSupportModulesInManaged (7ms)
				SetLoadedEditorAssemblies (1ms)
				RefreshPlugins (174ms)
				BeforeProcessingInitializeOnLoad (22ms)
				ProcessInitializeOnLoadAttributes (151ms)
				ProcessInitializeOnLoadMethodAttributes (50ms)
				AfterProcessingInitializeOnLoad (0ms)
				EditorAssembliesLoaded (0ms)
			ExecutionOrderSort2 (0ms)
			AwakeInstancesAfterBackupRestoration (0ms)
Platform modules already initialized, skipping
Registering precompiled user dll's ...
Registered in 0.011443 seconds.
Begin MonoManager ReloadAssembly
Native extension for WindowsStandalone target not found
Refreshing native plugins compatible for Editor in 164.70 ms, found 3 plugins.
Preloading 0 native plugins for Editor in 0.00 ms.
DisplayProgressbar: Generating Metadata
The list of [SerializeReference] objects being deserialized is from a more recent version of Unity. This is not supported and objects will be skipped.
UnityEngine.StackTraceUtility:ExtractStackTrace ()
UnityEngine.ResourcesAPI:Load (string,System.Type)
UnityEngine.Resources:Load (string,System.Type)
Naninovel.ProjectConfigurationProvider:LoadOrDefault (System.Type,string) (at Assets/Naninovel/Runtime/Configuration/ProjectConfigurationProvider.cs:65)
Naninovel.ProjectConfigurationProvider:LoadOrDefault<Naninovel.ChoiceHandlersConfiguration> (string) (at Assets/Naninovel/Runtime/Configuration/ProjectConfigurationProvider.cs:56)
Naninovel.MetadataGenerator:GenerateActorsMetadata () (at Assets/Naninovel/Editor/Project/MetadataGenerator.cs:152)
Naninovel.DefaultMetadataProvider:GetMetadata (Naninovel.MetadataOptions) (at Assets/Naninovel/Editor/Project/DefaultMetadataProvider.cs:18)
Naninovel.MetadataGenerator:GenerateProjectMetadata () (at Assets/Naninovel/Editor/Project/MetadataGenerator.cs:33)
Naninovel.BridgingService:UpdateMetadata () (at Assets/Naninovel/Editor/Bridging/BridgingService.cs:41)
Naninovel.BridgingService:GenerateMetadataOnEditorStart () (at Assets/Naninovel/Editor/Bridging/BridgingService.cs:145)
Naninovel.BridgingService:RestartServer () (at Assets/Naninovel/Editor/Bridging/BridgingService.cs:34)
System.Reflection.MonoMethod:Invoke (object,System.Reflection.BindingFlags,System.Reflection.Binder,object[],System.Globalization.CultureInfo)
System.Reflection.MethodBase:Invoke (object,object[])
UnityEditor.EditorAssemblies:ProcessInitializeOnLoadMethodAttributes ()

[Assets/Naninovel/Runtime/Configuration/ProjectConfigurationProvider.cs line 65]

The list of [SerializeReference] objects being deserialized is from a more recent version of Unity. This is not supported and objects will be skipped.
UnityEngine.StackTraceUtility:ExtractStackTrace ()
UnityEngine.ResourcesAPI:Load (string,System.Type)
UnityEngine.Resources:Load (string,System.Type)
Naninovel.ProjectConfigurationProvider:LoadOrDefault (System.Type,string) (at Assets/Naninovel/Runtime/Configuration/ProjectConfigurationProvider.cs:65)
Naninovel.ProjectConfigurationProvider:LoadOrDefault<Naninovel.TextPrintersConfiguration> (string) (at Assets/Naninovel/Runtime/Configuration/ProjectConfigurationProvider.cs:56)
Naninovel.MetadataGenerator:GenerateActorsMetadata () (at Assets/Naninovel/Editor/Project/MetadataGenerator.cs:161)
Naninovel.DefaultMetadataProvider:GetMetadata (Naninovel.MetadataOptions) (at Assets/Naninovel/Editor/Project/DefaultMetadataProvider.cs:18)
Naninovel.MetadataGenerator:GenerateProjectMetadata () (at Assets/Naninovel/Editor/Project/MetadataGenerator.cs:33)
Naninovel.BridgingService:UpdateMetadata () (at Assets/Naninovel/Editor/Bridging/BridgingService.cs:41)
Naninovel.BridgingService:GenerateMetadataOnEditorStart () (at Assets/Naninovel/Editor/Bridging/BridgingService.cs:145)
Naninovel.BridgingService:RestartServer () (at Assets/Naninovel/Editor/Bridging/BridgingService.cs:34)
System.Reflection.MonoMethod:Invoke (object,System.Reflection.BindingFlags,System.Reflection.Binder,object[],System.Globalization.CultureInfo)
System.Reflection.MethodBase:Invoke (object,object[])
UnityEditor.EditorAssemblies:ProcessInitializeOnLoadMethodAttributes ()

[Assets/Naninovel/Runtime/Configuration/ProjectConfigurationProvider.cs line 65]

Mono: successfully reloaded assembly
- Completed reload, in  5.047 seconds
Domain Reload Profiling:
	ReloadAssembly (5048ms)
		BeginReloadAssembly (260ms)
			ExecutionOrderSort (0ms)
			DisableScriptedObjects (9ms)
			BackupInstance (0ms)
			ReleaseScriptingObjects (0ms)
			CreateAndSetChildDomain (32ms)
		EndReloadAssembly (4677ms)
			LoadAssemblies (1407ms)
			RebuildTransferFunctionScriptingTraits (0ms)
			SetupTypeCache (765ms)
			ReleaseScriptCaches (1ms)
			RebuildScriptCaches (105ms)
			SetupLoadedEditorAssemblies (2160ms)
				LogAssemblyErrors (0ms)
				InitializePlatformSupportModulesInManaged (6ms)
				SetLoadedEditorAssemblies (0ms)
				RefreshPlugins (165ms)
				BeforeProcessingInitializeOnLoad (173ms)
				ProcessInitializeOnLoadAttributes (537ms)
				ProcessInitializeOnLoadMethodAttributes (1265ms)
				AfterProcessingInitializeOnLoad (13ms)
				EditorAssembliesLoaded (1ms)
			ExecutionOrderSort2 (0ms)
			AwakeInstancesAfterBackupRestoration (13ms)
Platform modules already initialized, skipping
========================================================================
Worker process is ready to serve import requests
Launched and connected shader compiler UnityShaderCompiler.exe after 0.18 seconds
Refreshing native plugins compatible for Editor in 1.92 ms, found 3 plugins.
Preloading 0 native plugins for Editor in 0.00 ms.
Unloading 3955 Unused Serialized files (Serialized files now loaded: 0)
System memory in use before: 134.8 MB.
System memory in use after: 135.0 MB.

Unloading 42 unused Assets to reduce memory usage. Loaded Objects now: 4383.
Total: 10.609200 ms (FindLiveObjects: 1.392600 ms CreateObjectMapping: 0.374000 ms MarkObjects: 8.614900 ms  DeleteObjects: 0.224200 ms)

AssetImportParameters requested are different than current active one (requested -> active):
  custom:framework-win-MediaFoundation: 216162199b28c13a410421893ffa2e32 -> 
  custom:video-decoder-ogg-theora: a1e56fd34408186e4bbccfd4996cb3dc -> 
  custom:container-muxer-webm: aa71ff27fc2769a1b78a27578f13a17b -> 
  custom:container-demuxer-webm: 4f35f7cbe854078d1ac9338744f61a02 -> 
  custom:container-demuxer-ogg: 62fdf1f143b41e24485cea50d1cbac27 -> 
  custom:video-encoder-webm-vp8: eb34c28f22e8b96e1ab97ce403110664 -> 
  custom:video-decoder-webm-vp8: 9c59270c3fd7afecdb556c50c9e8de78 -> 
  custom:audio-decoder-ogg-vorbis: bf7c407c2cedff20999df2af8eb42d56 -> 
  custom:audio-encoder-webm-vorbis: bf7c407c2cedff20999df2af8eb42d56 -> 
========================================================================
Received Import Request.
  path: Assets
  artifactKey: Guid(00000000000000001000000000000000) Importer(815301076,1909f56bfc062723c751e8b465ee728b)
Start importing Assets using Guid(00000000000000001000000000000000) Importer(815301076,1909f56bfc062723c751e8b465ee728b)  -> (artifact id: '42d402b061de3733987d63b9cc3b64de') in 0.032921 seconds 
  Import took 0.048950 seconds .

07.10.2024 10:33:34|Error|<>c__DisplayClass70_0.<receiveRequest>b__0|A timeout has occurred while reading an HTTP request/response.
07.10.2024 10:33:41|Error|<>c__DisplayClass70_0.<receiveRequest>b__0|An exception has occurred while reading an HTTP request/response.
========================================================================
Received Prepare
Registering precompiled user dll's ...
Registered in 0.057080 seconds.
Begin MonoManager ReloadAssembly
07.10.2024 10:34:25|Fatal|WebSocketServer.receiveRequest|
Native extension for WindowsStandalone target not found
Refreshing native plugins compatible for Editor in 1.15 ms, found 2 plugins.
Preloading 0 native plugins for Editor in 0.00 ms.
Mono: successfully reloaded assembly
- Completed reload, in  7.431 seconds
Domain Reload Profiling:
	ReloadAssembly (7432ms)
		BeginReloadAssembly (421ms)
			ExecutionOrderSort (0ms)
			DisableScriptedObjects (9ms)
			BackupInstance (0ms)
			ReleaseScriptingObjects (1ms)
			CreateAndSetChildDomain (140ms)
		EndReloadAssembly (6165ms)
			LoadAssemblies (1023ms)
			RebuildTransferFunctionScriptingTraits (0ms)
			SetupTypeCache (2209ms)
			ReleaseScriptCaches (5ms)
			RebuildScriptCaches (173ms)
			SetupLoadedEditorAssemblies (2374ms)
				LogAssemblyErrors (0ms)
				InitializePlatformSupportModulesInManaged (17ms)
				SetLoadedEditorAssemblies (1ms)
				RefreshPlugins (1ms)
				BeforeProcessingInitializeOnLoad (330ms)
				ProcessInitializeOnLoadAttributes (987ms)
				ProcessInitializeOnLoadMethodAttributes (1015ms)
				AfterProcessingInitializeOnLoad (22ms)
				EditorAssembliesLoaded (1ms)
			ExecutionOrderSort2 (0ms)
			AwakeInstancesAfterBackupRestoration (18ms)
Platform modules already initialized, skipping
Refreshing native plugins compatible for Editor in 2.27 ms, found 2 plugins.
Preloading 0 native plugins for Editor in 0.00 ms.
Unloading 2342 Unused Serialized files (Serialized files now loaded: 0)
System memory in use before: 102.4 MB.
System memory in use after: 102.7 MB.

Unloading 926 unused Assets to reduce memory usage. Loaded Objects now: 3636.
Total: 21.713500 ms (FindLiveObjects: 1.409300 ms CreateObjectMapping: 1.117600 ms MarkObjects: 18.136100 ms  DeleteObjects: 1.046500 ms)

AssetImportParameters requested are different than current active one (requested -> active):
  custom:framework-win-MediaFoundation: 216162199b28c13a410421893ffa2e32 -> 
  custom:video-decoder-ogg-theora: a1e56fd34408186e4bbccfd4996cb3dc -> 
  custom:container-muxer-webm: aa71ff27fc2769a1b78a27578f13a17b -> 
  custom:container-demuxer-webm: 4f35f7cbe854078d1ac9338744f61a02 -> 
  custom:container-demuxer-ogg: 62fdf1f143b41e24485cea50d1cbac27 -> 
  custom:video-encoder-webm-vp8: eb34c28f22e8b96e1ab97ce403110664 -> 
  custom:video-decoder-webm-vp8: 9c59270c3fd7afecdb556c50c9e8de78 -> 
  custom:audio-decoder-ogg-vorbis: bf7c407c2cedff20999df2af8eb42d56 -> 
  custom:audio-encoder-webm-vorbis: bf7c407c2cedff20999df2af8eb42d56 -> 
07.10.2024 10:36:02|Error|<>c__DisplayClass70_0.<receiveRequest>b__0|A timeout has occurred while reading an HTTP request/response.
========================================================================
Received Import Request.
  Time since last request: 5162.220568 seconds.
  path: Assets/NaninovelSpreadsheet
  artifactKey: Guid(72ff0ce50e11f304386c2819b46f7652) Importer(815301076,1909f56bfc062723c751e8b465ee728b)
Start importing Assets/NaninovelSpreadsheet using Guid(72ff0ce50e11f304386c2819b46f7652) Importer(815301076,1909f56bfc062723c751e8b465ee728b)  -> (artifact id: '747ef75f5f7e6a96124f4d28e1049364') in 1.062381 seconds 
  Import took 2.489181 seconds .

========================================================================
Received Import Request.
  Time since last request: 0.001047 seconds.
  path: Assets/Fantasy Cyberpunk UI Pack
  artifactKey: Guid(a8ddd857760877947bfef3fb0259339b) Importer(815301076,1909f56bfc062723c751e8b465ee728b)
Start importing Assets/Fantasy Cyberpunk UI Pack using Guid(a8ddd857760877947bfef3fb0259339b) Importer(815301076,1909f56bfc062723c751e8b465ee728b)  -> (artifact id: 'd02da82f704b3072acaba9079e9c3b5d') in 0.022543 seconds 
  Import took 0.036609 seconds .

========================================================================
Received Import Request.
  Time since last request: 0.396147 seconds.
  path: Assets/Fantasy Cyberpunk UI Pack/Cyberpunk UI Resources
  artifactKey: Guid(a54f0a62b9cba4f4389a6235ea173cb6) Importer(815301076,1909f56bfc062723c751e8b465ee728b)
Start importing Assets/Fantasy Cyberpunk UI Pack/Cyberpunk UI Resources using Guid(a54f0a62b9cba4f4389a6235ea173cb6) Importer(815301076,1909f56bfc062723c751e8b465ee728b)  -> (artifact id: 'f229a90230f42cf2b61072d9278dc4d8') in 0.029807 seconds 
  Import took 0.045988 seconds .

========================================================================
Received Import Request.
  Time since last request: 3.725346 seconds.
  path: Assets/Fantasy Cyberpunk UI Pack/Cyberpunk UI Resources/Previews
  artifactKey: Guid(2d0f11ebfa8094f43b574ead27a42c7a) Importer(815301076,1909f56bfc062723c751e8b465ee728b)
Start importing Assets/Fantasy Cyberpunk UI Pack/Cyberpunk UI Resources/Previews using Guid(2d0f11ebfa8094f43b574ead27a42c7a) Importer(815301076,1909f56bfc062723c751e8b465ee728b)  -> (artifact id: 'dca42c4ce15367c7b96fafc41bb0b85f') in 0.049253 seconds 
  Import took 0.066423 seconds .

========================================================================
Received Import Request.
  Time since last request: 0.354225 seconds.
  path: Assets/Fantasy Cyberpunk UI Pack/Cyberpunk UI Resources/Previews/1DailyRewards.png
  artifactKey: Guid(16458c36b288d1a43b7b67198e7f6206) Importer(815301076,1909f56bfc062723c751e8b465ee728b)
Start importing Assets/Fantasy Cyberpunk UI Pack/Cyberpunk UI Resources/Previews/1DailyRewards.png using Guid(16458c36b288d1a43b7b67198e7f6206) Importer(815301076,1909f56bfc062723c751e8b465ee728b)  -> (artifact id: '407a5914e91921113726b0fc35f80367') in 1.805532 seconds 
  Import took 1.842810 seconds .

========================================================================
Received Import Request.
  Time since last request: 0.001016 seconds.
  path: Assets/Fantasy Cyberpunk UI Pack/Cyberpunk UI Resources/Previews/5Scene2.png
  artifactKey: Guid(106067159eb4428419e6d2b2bc634e82) Importer(815301076,1909f56bfc062723c751e8b465ee728b)
Start importing Assets/Fantasy Cyberpunk UI Pack/Cyberpunk UI Resources/Previews/5Scene2.png using Guid(106067159eb4428419e6d2b2bc634e82) Importer(815301076,1909f56bfc062723c751e8b465ee728b)  -> (artifact id: '20b14448a5c7ae4ef46f9863c7387578') in 0.118889 seconds 
  Import took 0.136570 seconds .

========================================================================
Received Import Request.
  Time since last request: 0.001304 seconds.
  path: Assets/Fantasy Cyberpunk UI Pack/Cyberpunk UI Resources/Previews/12Victory.png
  artifactKey: Guid(a9f076e227d8eba40896d80e1cfe0cf8) Importer(815301076,1909f56bfc062723c751e8b465ee728b)
Start importing Assets/Fantasy Cyberpunk UI Pack/Cyberpunk UI Resources/Previews/12Victory.png using Guid(a9f076e227d8eba40896d80e1cfe0cf8) Importer(815301076,1909f56bfc062723c751e8b465ee728b)  -> (artifact id: '80a087f9c14603f3b02a253999a56153') in 0.149634 seconds 
  Import took 0.163247 seconds .

========================================================================
Received Import Request.
  Time since last request: 0.000608 seconds.
  path: Assets/Fantasy Cyberpunk UI Pack/Cyberpunk UI Resources/Previews/6Pause.png
  artifactKey: Guid(c299788cb734f65418ecaf520e8e6474) Importer(815301076,1909f56bfc062723c751e8b465ee728b)
Start importing Assets/Fantasy Cyberpunk UI Pack/Cyberpunk UI Resources/Previews/6Pause.png using Guid(c299788cb734f65418ecaf520e8e6474) Importer(815301076,1909f56bfc062723c751e8b465ee728b)  -> (artifact id: '85ae3933f5d7c307266bba1c579ca14c') in 0.130500 seconds 
  Import took 0.142613 seconds .

========================================================================
Received Import Request.
  Time since last request: 0.000987 seconds.
  path: Assets/Fantasy Cyberpunk UI Pack/Cyberpunk UI Resources/Previews/Components1.png
  artifactKey: Guid(94ca0b16f4621dc4dac5fa8effb502b0) Importer(815301076,1909f56bfc062723c751e8b465ee728b)
Start importing Assets/Fantasy Cyberpunk UI Pack/Cyberpunk UI Resources/Previews/Components1.png using Guid(94ca0b16f4621dc4dac5fa8effb502b0) Importer(815301076,1909f56bfc062723c751e8b465ee728b)  -> (artifact id: '0cc7f6a8e70d48dfbe037a9bcd3718e5') in 0.106078 seconds 
  Import took 0.127276 seconds .

========================================================================
Received Import Request.
  Time since last request: 0.000304 seconds.
  path: Assets/Fantasy Cyberpunk UI Pack/Cyberpunk UI Resources/Previews/3MapSelect.png
  artifactKey: Guid(d99a1f0bdf243be458b1cad1820e969d) Importer(815301076,1909f56bfc062723c751e8b465ee728b)
Start importing Assets/Fantasy Cyberpunk UI Pack/Cyberpunk UI Resources/Previews/3MapSelect.png using Guid(d99a1f0bdf243be458b1cad1820e969d) Importer(815301076,1909f56bfc062723c751e8b465ee728b)  -> (artifact id: '38dddb1a6a24be92124c73c64af13275') in 0.102923 seconds 
  Import took 0.112574 seconds .

========================================================================
Received Import Request.
  Time since last request: 0.001705 seconds.
  path: Assets/Fantasy Cyberpunk UI Pack/Cyberpunk UI Resources/Previews/7Options.png
  artifactKey: Guid(89fc4c327c474574eb03062def762e08) Importer(815301076,1909f56bfc062723c751e8b465ee728b)
Start importing Assets/Fantasy Cyberpunk UI Pack/Cyberpunk UI Resources/Previews/7Options.png using Guid(89fc4c327c474574eb03062def762e08) Importer(815301076,1909f56bfc062723c751e8b465ee728b)  -> (artifact id: '1a509a047c530ed6ac6960b0da387bc0') in 0.096494 seconds 
  Import took 0.106943 seconds .

========================================================================
Received Import Request.
  Time since last request: 0.000551 seconds.
  path: Assets/Fantasy Cyberpunk UI Pack/Cyberpunk UI Resources/Previews/8Missions.png
  artifactKey: Guid(73a79cba567675646b7031c59cae2dfc) Importer(815301076,1909f56bfc062723c751e8b465ee728b)
Start importing Assets/Fantasy Cyberpunk UI Pack/Cyberpunk UI Resources/Previews/8Missions.png using Guid(73a79cba567675646b7031c59cae2dfc) Importer(815301076,1909f56bfc062723c751e8b465ee728b)  -> (artifact id: 'a3a7f33d5e6790664a7524772f45add9') in 0.111695 seconds 
  Import took 0.121913 seconds .

========================================================================
Received Import Request.
  Time since last request: 0.000363 seconds.
  path: Assets/Fantasy Cyberpunk UI Pack/Cyberpunk UI Resources/Previews/14GameOver.png
  artifactKey: Guid(2f331e675411e5e4ca93b147922a1a95) Importer(815301076,1909f56bfc062723c751e8b465ee728b)
Start importing Assets/Fantasy Cyberpunk UI Pack/Cyberpunk UI Resources/Previews/14GameOver.png using Guid(2f331e675411e5e4ca93b147922a1a95) Importer(815301076,1909f56bfc062723c751e8b465ee728b)  -> (artifact id: '21b3f73602bcd01fb03830ff889a5551') in 0.124135 seconds 
  Import took 0.140902 seconds .

========================================================================
Received Import Request.
  Time since last request: 0.001474 seconds.
  path: Assets/Fantasy Cyberpunk UI Pack/Cyberpunk UI Resources/Previews/9Shop.png
  artifactKey: Guid(c19b53790cb25e146b537e133da2050f) Importer(815301076,1909f56bfc062723c751e8b465ee728b)
Start importing Assets/Fantasy Cyberpunk UI Pack/Cyberpunk UI Resources/Previews/9Shop.png using Guid(c19b53790cb25e146b537e133da2050f) Importer(815301076,1909f56bfc062723c751e8b465ee728b)  -> (artifact id: '9523ab9356e0053b4fead04e90ab5833') in 0.133150 seconds 
  Import took 0.147812 seconds .

========================================================================
Received Import Request.
  Time since last request: 0.000321 seconds.
  path: Assets/Fantasy Cyberpunk UI Pack/Cyberpunk UI Resources/Previews/10Character.png
  artifactKey: Guid(cc4399d02c3fe1c488950f9df2bbb67c) Importer(815301076,1909f56bfc062723c751e8b465ee728b)
Start importing Assets/Fantasy Cyberpunk UI Pack/Cyberpunk UI Resources/Previews/10Character.png using Guid(cc4399d02c3fe1c488950f9df2bbb67c) Importer(815301076,1909f56bfc062723c751e8b465ee728b)  -> (artifact id: '149c4a6dc1bff3fc8b696815de468fca') in 0.127075 seconds 
  Import took 0.137275 seconds .

========================================================================
Received Import Request.
  Time since last request: 0.000391 seconds.
  path: Assets/Fantasy Cyberpunk UI Pack/Cyberpunk UI Resources/Previews/Components2.png
  artifactKey: Guid(2df3d3e2e591c724bbc905caf9c39b94) Importer(815301076,1909f56bfc062723c751e8b465ee728b)
Start importing Assets/Fantasy Cyberpunk UI Pack/Cyberpunk UI Resources/Previews/Components2.png using Guid(2df3d3e2e591c724bbc905caf9c39b94) Importer(815301076,1909f56bfc062723c751e8b465ee728b)  -> (artifact id: '9a203ea7a2a30c3dcfb410ff1ecf9500') in 0.111222 seconds 
  Import took 0.121585 seconds .

========================================================================
Received Import Request.
  Time since last request: 0.000318 seconds.
  path: Assets/Fantasy Cyberpunk UI Pack/Cyberpunk UI Resources/Previews/2MainMenu.png
  artifactKey: Guid(2426f4d47efc0b64a83cc30170c9358c) Importer(815301076,1909f56bfc062723c751e8b465ee728b)
Start importing Assets/Fantasy Cyberpunk UI Pack/Cyberpunk UI Resources/Previews/2MainMenu.png using Guid(2426f4d47efc0b64a83cc30170c9358c) Importer(815301076,1909f56bfc062723c751e8b465ee728b)  -> (artifact id: '5dadc5fe03b17a530653facbefc6356d') in 0.105839 seconds 
  Import took 0.129819 seconds .

========================================================================
Received Import Request.
  Time since last request: 0.000283 seconds.
  path: Assets/Fantasy Cyberpunk UI Pack/Cyberpunk UI Resources/Previews/11Popup.png
  artifactKey: Guid(6cdb9b5ab382a654ba3ab13cae09efe3) Importer(815301076,1909f56bfc062723c751e8b465ee728b)
Start importing Assets/Fantasy Cyberpunk UI Pack/Cyberpunk UI Resources/Previews/11Popup.png using Guid(6cdb9b5ab382a654ba3ab13cae09efe3) Importer(815301076,1909f56bfc062723c751e8b465ee728b)  -> (artifact id: '958466ce79b559b453f69837d39141bd') in 0.145824 seconds 
  Import took 0.157791 seconds .

========================================================================
Received Import Request.
  Time since last request: 0.001279 seconds.
  path: Assets/Fantasy Cyberpunk UI Pack/Cyberpunk UI Resources/Previews/13Reward.png
  artifactKey: Guid(41b4fd84952f0f14f83e10490c85f311) Importer(815301076,1909f56bfc062723c751e8b465ee728b)
Start importing Assets/Fantasy Cyberpunk UI Pack/Cyberpunk UI Resources/Previews/13Reward.png using Guid(41b4fd84952f0f14f83e10490c85f311) Importer(815301076,1909f56bfc062723c751e8b465ee728b)  -> (artifact id: '2b0bf007d55442d558e80470efb80f66') in 0.111698 seconds 
  Import took 0.121701 seconds .

========================================================================
Received Import Request.
  Time since last request: 0.000327 seconds.
  path: Assets/Fantasy Cyberpunk UI Pack/Cyberpunk UI Resources/Previews/4Scene1.png
  artifactKey: Guid(7722502fa11e7ef46a476690a1029524) Importer(815301076,1909f56bfc062723c751e8b465ee728b)
Start importing Assets/Fantasy Cyberpunk UI Pack/Cyberpunk UI Resources/Previews/4Scene1.png using Guid(7722502fa11e7ef46a476690a1029524) Importer(815301076,1909f56bfc062723c751e8b465ee728b)  -> (artifact id: '0006f55fdb27adf755c7afa9389a4576') in 0.144119 seconds 
  Import took 0.158295 seconds .

========================================================================
Received Import Request.
  Time since last request: 46.809245 seconds.
  path: Assets/Fantasy Cyberpunk UI Pack/Cyberpunk UI Resources/PsdFiles
  artifactKey: Guid(13d3a0a40275a3f469326a2b746fa48a) Importer(815301076,1909f56bfc062723c751e8b465ee728b)
Start importing Assets/Fantasy Cyberpunk UI Pack/Cyberpunk UI Resources/PsdFiles using Guid(13d3a0a40275a3f469326a2b746fa48a) Importer(815301076,1909f56bfc062723c751e8b465ee728b)  -> (artifact id: 'f73a47b49c21cf020ac3408f2c6c4ec7') in 0.036978 seconds 
  Import took 0.061350 seconds .

========================================================================
Received Import Request.
  Time since last request: 0.014351 seconds.
  path: Assets/Fantasy Cyberpunk UI Pack/Cyberpunk UI Resources/PsdFiles/PSD_Source01.psd
  artifactKey: Guid(289ec3bde924c3842a33ea4519685a94) Importer(815301076,1909f56bfc062723c751e8b465ee728b)
Start importing Assets/Fantasy Cyberpunk UI Pack/Cyberpunk UI Resources/PsdFiles/PSD_Source01.psd using Guid(289ec3bde924c3842a33ea4519685a94) Importer(815301076,1909f56bfc062723c751e8b465ee728b)  -> (artifact id: '2c7c444bf7cb51add0f8836dc3baffb5') in 0.264095 seconds 
  Import took 0.307168 seconds .

========================================================================
Received Import Request.
  Time since last request: 0.001064 seconds.
  path: Assets/Fantasy Cyberpunk UI Pack/Cyberpunk UI Resources/PsdFiles/PSD_Source03.psd
  artifactKey: Guid(e5807f94548d5694b80b3613bb39e1a4) Importer(815301076,1909f56bfc062723c751e8b465ee728b)
Start importing Assets/Fantasy Cyberpunk UI Pack/Cyberpunk UI Resources/PsdFiles/PSD_Source03.psd using Guid(e5807f94548d5694b80b3613bb39e1a4) Importer(815301076,1909f56bfc062723c751e8b465ee728b)  -> (artifact id: '505c3967f0c27a0c767d054189cfe698') in 0.129867 seconds 
  Import took 0.148121 seconds .

========================================================================
Received Import Request.
  Time since last request: 0.000580 seconds.
  path: Assets/Fantasy Cyberpunk UI Pack/Cyberpunk UI Resources/PsdFiles/PSD_Source02.psd
  artifactKey: Guid(3a28c40a9b0fc9b4dbbe3e1aa8d3d6cd) Importer(815301076,1909f56bfc062723c751e8b465ee728b)
Start importing Assets/Fantasy Cyberpunk UI Pack/Cyberpunk UI Resources/PsdFiles/PSD_Source02.psd using Guid(3a28c40a9b0fc9b4dbbe3e1aa8d3d6cd) Importer(815301076,1909f56bfc062723c751e8b465ee728b)  -> (artifact id: 'abf8693c0045776c773d81617dca24ad') in 0.123605 seconds 
  Import took 0.147054 seconds .

========================================================================
Received Import Request.
  Time since last request: 13.264159 seconds.
  path: Assets/Fantasy Cyberpunk UI Pack/Cyberpunk UI Resources/Scripts
  artifactKey: Guid(977de959f1385dd47b7de4e0e6251999) Importer(815301076,1909f56bfc062723c751e8b465ee728b)
Start importing Assets/Fantasy Cyberpunk UI Pack/Cyberpunk UI Resources/Scripts using Guid(977de959f1385dd47b7de4e0e6251999) Importer(815301076,1909f56bfc062723c751e8b465ee728b)  -> (artifact id: 'dc13b5622eb7a1d715ae38c5432ddda9') in 0.029572 seconds 
  Import took 0.045247 seconds .

========================================================================
Received Import Request.
  Time since last request: 2.679470 seconds.
  path: Assets/Fantasy Cyberpunk UI Pack/Cyberpunk UI Resources/Prefabs
  artifactKey: Guid(533a57569b00a9c488fef70ed0cb6b49) Importer(815301076,1909f56bfc062723c751e8b465ee728b)
Start importing Assets/Fantasy Cyberpunk UI Pack/Cyberpunk UI Resources/Prefabs using Guid(533a57569b00a9c488fef70ed0cb6b49) Importer(815301076,1909f56bfc062723c751e8b465ee728b)  -> (artifact id: 'a572e1c683fbc59bda22fcd7e533303c') in 0.032410 seconds 
  Import took 0.053352 seconds .

========================================================================
Received Import Request.
  Time since last request: 0.098803 seconds.
  path: Assets/Fantasy Cyberpunk UI Pack/Cyberpunk UI Resources/Prefabs/1DailyRewards Canvas.prefab
  artifactKey: Guid(8b2513e6bb6497d4da3a70f918246546) Importer(815301076,1909f56bfc062723c751e8b465ee728b)
Start importing Assets/Fantasy Cyberpunk UI Pack/Cyberpunk UI Resources/Prefabs/1DailyRewards Canvas.prefab using Guid(8b2513e6bb6497d4da3a70f918246546) Importer(815301076,1909f56bfc062723c751e8b465ee728b)  -> (artifact id: '8d00a81e47931ab28fb2bf4ae95c15d6') in 1.949909 seconds 
  Import took 1.967439 seconds .

========================================================================
Received Import Request.
  Time since last request: 0.000386 seconds.
  path: Assets/Fantasy Cyberpunk UI Pack/Cyberpunk UI Resources/Prefabs/3MapSelect Canvas.prefab
  artifactKey: Guid(1118c282d072cd14eb887ad872066cf4) Importer(815301076,1909f56bfc062723c751e8b465ee728b)
Start importing Assets/Fantasy Cyberpunk UI Pack/Cyberpunk UI Resources/Prefabs/3MapSelect Canvas.prefab using Guid(1118c282d072cd14eb887ad872066cf4) Importer(815301076,1909f56bfc062723c751e8b465ee728b)  -> (artifact id: 'c30823042f7719c84acd09771942a505') in 0.831614 seconds 
  Import took 0.845252 seconds .

========================================================================
Received Import Request.
  Time since last request: 0.000356 seconds.
  path: Assets/Fantasy Cyberpunk UI Pack/Cyberpunk UI Resources/Prefabs/6Pause Canvas.prefab
  artifactKey: Guid(94486f393e2048a49a44a90504670fff) Importer(815301076,1909f56bfc062723c751e8b465ee728b)
Start importing Assets/Fantasy Cyberpunk UI Pack/Cyberpunk UI Resources/Prefabs/6Pause Canvas.prefab using Guid(94486f393e2048a49a44a90504670fff) Importer(815301076,1909f56bfc062723c751e8b465ee728b)  -> (artifact id: '60a459700c27988a66d54742f53d0ba1') in 0.301227 seconds 
  Import took 0.313599 seconds .

========================================================================
Received Import Request.
  Time since last request: 0.000898 seconds.
  path: Assets/Fantasy Cyberpunk UI Pack/Cyberpunk UI Resources/Prefabs/5Scene2 Canvas.prefab
  artifactKey: Guid(be831a73db25df94eb2df4cd3d370455) Importer(815301076,1909f56bfc062723c751e8b465ee728b)
Start importing Assets/Fantasy Cyberpunk UI Pack/Cyberpunk UI Resources/Prefabs/5Scene2 Canvas.prefab using Guid(be831a73db25df94eb2df4cd3d370455) Importer(815301076,1909f56bfc062723c751e8b465ee728b)  -> (artifact id: '8090d7a392fe822f4e0d67aae7bd407a') in 0.953719 seconds 
  Import took 0.966671 seconds .

========================================================================
Received Import Request.
  Time since last request: 0.000458 seconds.
  path: Assets/Fantasy Cyberpunk UI Pack/Cyberpunk UI Resources/Prefabs/8Missions Canvas.prefab
  artifactKey: Guid(cbe7d1fcc7fb46540908a8888266f797) Importer(815301076,1909f56bfc062723c751e8b465ee728b)
Start importing Assets/Fantasy Cyberpunk UI Pack/Cyberpunk UI Resources/Prefabs/8Missions Canvas.prefab using Guid(cbe7d1fcc7fb46540908a8888266f797) Importer(815301076,1909f56bfc062723c751e8b465ee728b)  -> (artifact id: '9c39be15040f107b5a4651f63bd36b04') in 0.633191 seconds 
  Import took 0.654083 seconds .

========================================================================
Received Import Request.
  Time since last request: 0.000380 seconds.
  path: Assets/Fantasy Cyberpunk UI Pack/Cyberpunk UI Resources/Prefabs/Components1 Canvas.prefab
  artifactKey: Guid(9ead8e46b08a11e489c21d61d65bf320) Importer(815301076,1909f56bfc062723c751e8b465ee728b)
Start importing Assets/Fantasy Cyberpunk UI Pack/Cyberpunk UI Resources/Prefabs/Components1 Canvas.prefab using Guid(9ead8e46b08a11e489c21d61d65bf320) Importer(815301076,1909f56bfc062723c751e8b465ee728b)  -> (artifact id: 'b773c50e0b0005a84f20c5dda0bb51d9') in 0.977002 seconds 
  Import took 0.989837 seconds .

========================================================================
Received Import Request.
  Time since last request: 0.000313 seconds.
  path: Assets/Fantasy Cyberpunk UI Pack/Cyberpunk UI Resources/Prefabs/4Scene1 Canvas.prefab
  artifactKey: Guid(c31583b6fe6b9624e9302647130ef1ef) Importer(815301076,1909f56bfc062723c751e8b465ee728b)
Start importing Assets/Fantasy Cyberpunk UI Pack/Cyberpunk UI Resources/Prefabs/4Scene1 Canvas.prefab using Guid(c31583b6fe6b9624e9302647130ef1ef) Importer(815301076,1909f56bfc062723c751e8b465ee728b)  -> (artifact id: '89bac6f804eed9aafb9a9db585b6cd90') in 0.509560 seconds 
  Import took 0.525932 seconds .

========================================================================
Received Import Request.
  Time since last request: 0.000341 seconds.
  path: Assets/Fantasy Cyberpunk UI Pack/Cyberpunk UI Resources/Prefabs/2MainMenu Canvas.prefab
  artifactKey: Guid(68b02d2ec054f7e4a8035769d7883289) Importer(815301076,1909f56bfc062723c751e8b465ee728b)
Start importing Assets/Fantasy Cyberpunk UI Pack/Cyberpunk UI Resources/Prefabs/2MainMenu Canvas.prefab using Guid(68b02d2ec054f7e4a8035769d7883289) Importer(815301076,1909f56bfc062723c751e8b465ee728b)  -> (artifact id: '75d010f268e134bbaaf8a82acea1ef3f') in 0.366358 seconds 
  Import took 0.380670 seconds .

========================================================================
Received Import Request.
  Time since last request: 0.000389 seconds.
  path: Assets/Fantasy Cyberpunk UI Pack/Cyberpunk UI Resources/Prefabs/ButtonAudio.prefab
  artifactKey: Guid(63acd9df19e390c4a82b6bf28f006876) Importer(815301076,1909f56bfc062723c751e8b465ee728b)
Start importing Assets/Fantasy Cyberpunk UI Pack/Cyberpunk UI Resources/Prefabs/ButtonAudio.prefab using Guid(63acd9df19e390c4a82b6bf28f006876) Importer(815301076,1909f56bfc062723c751e8b465ee728b)  -> (artifact id: 'dcb90fb33186c20697dda287d7456658') in 0.051488 seconds 
  Import took 0.073295 seconds .

========================================================================
Received Import Request.
  Time since last request: 0.000902 seconds.
  path: Assets/Fantasy Cyberpunk UI Pack/Cyberpunk UI Resources/Prefabs/10Character Canvas.prefab
  artifactKey: Guid(2193036cf5effd74097b61fa15be7c2e) Importer(815301076,1909f56bfc062723c751e8b465ee728b)
Start importing Assets/Fantasy Cyberpunk UI Pack/Cyberpunk UI Resources/Prefabs/10Character Canvas.prefab using Guid(2193036cf5effd74097b61fa15be7c2e) Importer(815301076,1909f56bfc062723c751e8b465ee728b)  -> (artifact id: '4f00b043186ceee0663a03f528a1e68c') in 0.883544 seconds 
  Import took 0.901530 seconds .

========================================================================
Received Import Request.
  Time since last request: 0.000492 seconds.
  path: Assets/Fantasy Cyberpunk UI Pack/Cyberpunk UI Resources/Prefabs/12Victory Canvas.prefab
  artifactKey: Guid(859916b2f3f2be54baa9de27fccfb812) Importer(815301076,1909f56bfc062723c751e8b465ee728b)
Start importing Assets/Fantasy Cyberpunk UI Pack/Cyberpunk UI Resources/Prefabs/12Victory Canvas.prefab using Guid(859916b2f3f2be54baa9de27fccfb812) Importer(815301076,1909f56bfc062723c751e8b465ee728b)  -> (artifact id: '30239207e73ae3f0a718a72c32a2b55a') in 0.171028 seconds 
  Import took 0.187809 seconds .

========================================================================
Received Import Request.
  Time since last request: 0.000530 seconds.
  path: Assets/Fantasy Cyberpunk UI Pack/Cyberpunk UI Resources/Prefabs/14GameOver Canvas.prefab
  artifactKey: Guid(c93b7533cdc633a4091a7dfec6631f0c) Importer(815301076,1909f56bfc062723c751e8b465ee728b)
Start importing Assets/Fantasy Cyberpunk UI Pack/Cyberpunk UI Resources/Prefabs/14GameOver Canvas.prefab using Guid(c93b7533cdc633a4091a7dfec6631f0c) Importer(815301076,1909f56bfc062723c751e8b465ee728b)  -> (artifact id: '8e648f8aa405de77fc51c155902fcdeb') in 0.092541 seconds 
  Import took 0.109993 seconds .

========================================================================
Received Import Request.
  Time since last request: 0.000357 seconds.
  path: Assets/Fantasy Cyberpunk UI Pack/Cyberpunk UI Resources/Prefabs/1DailyRewards Canvas.prefab
  artifactKey: Guid(8b2513e6bb6497d4da3a70f918246546) Importer(815301076,1909f56bfc062723c751e8b465ee728b)
Start importing Assets/Fantasy Cyberpunk UI Pack/Cyberpunk UI Resources/Prefabs/1DailyRewards Canvas.prefab using Guid(8b2513e6bb6497d4da3a70f918246546) Importer(815301076,1909f56bfc062723c751e8b465ee728b)  -> (artifact id: '8d00a81e47931ab28fb2bf4ae95c15d6') in 0.058319 seconds 
  Import took 0.077130 seconds .

========================================================================
Received Import Request.
  Time since last request: 0.000408 seconds.
  path: Assets/Fantasy Cyberpunk UI Pack/Cyberpunk UI Resources/Prefabs/9Shop Canvas.prefab
  artifactKey: Guid(ec477a11f62eb4e4f94a8d6bc736f26a) Importer(815301076,1909f56bfc062723c751e8b465ee728b)
Start importing Assets/Fantasy Cyberpunk UI Pack/Cyberpunk UI Resources/Prefabs/9Shop Canvas.prefab using Guid(ec477a11f62eb4e4f94a8d6bc736f26a) Importer(815301076,1909f56bfc062723c751e8b465ee728b)  -> (artifact id: '08827d8da7be21adb78d1a746dcdd91f') in 0.504452 seconds 
  Import took 0.541736 seconds .

========================================================================
Received Import Request.
  Time since last request: 0.001648 seconds.
  path: Assets/Fantasy Cyberpunk UI Pack/Cyberpunk UI Resources/Prefabs/7Options Canvas.prefab
  artifactKey: Guid(2009795e0dbe7c54181bdffdfd4d1486) Importer(815301076,1909f56bfc062723c751e8b465ee728b)
Start importing Assets/Fantasy Cyberpunk UI Pack/Cyberpunk UI Resources/Prefabs/7Options Canvas.prefab using Guid(2009795e0dbe7c54181bdffdfd4d1486) Importer(815301076,1909f56bfc062723c751e8b465ee728b)  -> (artifact id: '8fae81717ee2518a4192ec0cea6926d2') in 0.400029 seconds 
  Import took 0.418820 seconds .

========================================================================
Received Import Request.
  Time since last request: 0.000888 seconds.
  path: Assets/Fantasy Cyberpunk UI Pack/Cyberpunk UI Resources/Prefabs/11Popup Canvas.prefab
  artifactKey: Guid(b85e7e35da7e54e4b9e8a716e9eb3528) Importer(815301076,1909f56bfc062723c751e8b465ee728b)
Start importing Assets/Fantasy Cyberpunk UI Pack/Cyberpunk UI Resources/Prefabs/11Popup Canvas.prefab using Guid(b85e7e35da7e54e4b9e8a716e9eb3528) Importer(815301076,1909f56bfc062723c751e8b465ee728b)  -> (artifact id: 'dfb206a1019c0483bb02daf4127cb874') in 0.079265 seconds 
  Import took 0.091495 seconds .

========================================================================
Received Import Request.
  Time since last request: 0.000738 seconds.
  path: Assets/Fantasy Cyberpunk UI Pack/Cyberpunk UI Resources/Prefabs/13Rewards Canvas.prefab
  artifactKey: Guid(181618bc1f9739e4589c45f1d366888f) Importer(815301076,1909f56bfc062723c751e8b465ee728b)
Start importing Assets/Fantasy Cyberpunk UI Pack/Cyberpunk UI Resources/Prefabs/13Rewards Canvas.prefab using Guid(181618bc1f9739e4589c45f1d366888f) Importer(815301076,1909f56bfc062723c751e8b465ee728b)  -> (artifact id: '9dc03d33fbcaa9e2dc4dbfb837d35b73') in 0.209818 seconds 
  Import took 0.225938 seconds .

========================================================================
Received Import Request.
  Time since last request: 0.000489 seconds.
  path: Assets/Fantasy Cyberpunk UI Pack/Cyberpunk UI Resources/Prefabs/Components2 Canvas.prefab
  artifactKey: Guid(54849eaa8f2dd634cb4b637794c715af) Importer(815301076,1909f56bfc062723c751e8b465ee728b)
Start importing Assets/Fantasy Cyberpunk UI Pack/Cyberpunk UI Resources/Prefabs/Components2 Canvas.prefab using Guid(54849eaa8f2dd634cb4b637794c715af) Importer(815301076,1909f56bfc062723c751e8b465ee728b)  -> (artifact id: 'abc807314329a50ff1f88f72a2798da7') in 1.127819 seconds 
  Import took 1.150407 seconds .

========================================================================
Received Import Request.
  Time since last request: 22.828446 seconds.
  path: Assets/Fantasy Cyberpunk UI Pack/Scenes
  artifactKey: Guid(aa914cd9bd2d5c645891c43bd9036f43) Importer(815301076,1909f56bfc062723c751e8b465ee728b)
Start importing Assets/Fantasy Cyberpunk UI Pack/Scenes using Guid(aa914cd9bd2d5c645891c43bd9036f43) Importer(815301076,1909f56bfc062723c751e8b465ee728b)  -> (artifact id: 'f0f4ca9694b676250b81cdc9ccab5e28') in 0.040673 seconds 
  Import took 0.057588 seconds .

========================================================================
Received Import Request.
  Time since last request: 1.029964 seconds.
  path: Assets/Fantasy Cyberpunk UI Pack/Scenes/Demo_Fantasy Cyberpunk UI.unity
  artifactKey: Guid(7be2b2c65eceffd4fad01c2ad3caee46) Importer(815301076,1909f56bfc062723c751e8b465ee728b)
Start importing Assets/Fantasy Cyberpunk UI Pack/Scenes/Demo_Fantasy Cyberpunk UI.unity using Guid(7be2b2c65eceffd4fad01c2ad3caee46) Importer(815301076,1909f56bfc062723c751e8b465ee728b)  -> (artifact id: 'd67f0ccbed5b5f17324ab75dd67ff798') in 0.029705 seconds 
  Import took 0.060935 seconds .

07.10.2024 12:00:11|Error|<>c__DisplayClass70_0.<receiveRequest>b__0|An exception has occurred while reading an HTTP request/response.
========================================================================
Received Prepare
Registering precompiled user dll's ...
Registered in 0.053551 seconds.
Begin MonoManager ReloadAssembly
07.10.2024 12:01:57|Fatal|WebSocketServer.receiveRequest|
Native extension for WindowsStandalone target not found
Refreshing native plugins compatible for Editor in 1.39 ms, found 2 plugins.
Preloading 0 native plugins for Editor in 0.00 ms.
Mono: successfully reloaded assembly
- Completed reload, in  4.206 seconds
Domain Reload Profiling:
	ReloadAssembly (4211ms)
		BeginReloadAssembly (816ms)
			ExecutionOrderSort (0ms)
			DisableScriptedObjects (51ms)
			BackupInstance (0ms)
			ReleaseScriptingObjects (0ms)
			CreateAndSetChildDomain (525ms)
		EndReloadAssembly (3229ms)
			LoadAssemblies (262ms)
			RebuildTransferFunctionScriptingTraits (0ms)
			SetupTypeCache (964ms)
			ReleaseScriptCaches (3ms)
			RebuildScriptCaches (90ms)
			SetupLoadedEditorAssemblies (1632ms)
				LogAssemblyErrors (0ms)
				InitializePlatformSupportModulesInManaged (9ms)
				SetLoadedEditorAssemblies (2ms)
				RefreshPlugins (2ms)
				BeforeProcessingInitializeOnLoad (211ms)
				ProcessInitializeOnLoadAttributes (584ms)
				ProcessInitializeOnLoadMethodAttributes (804ms)
				AfterProcessingInitializeOnLoad (20ms)
				EditorAssembliesLoaded (1ms)
			ExecutionOrderSort2 (0ms)
			AwakeInstancesAfterBackupRestoration (25ms)
Platform modules already initialized, skipping
Refreshing native plugins compatible for Editor in 1.64 ms, found 2 plugins.
Preloading 0 native plugins for Editor in 0.00 ms.
Unloading 2342 Unused Serialized files (Serialized files now loaded: 0)
System memory in use before: 104.2 MB.
System memory in use after: 104.4 MB.

Unloading 62 unused Assets to reduce memory usage. Loaded Objects now: 3651.
Total: 6.949600 ms (FindLiveObjects: 0.552100 ms CreateObjectMapping: 0.196400 ms MarkObjects: 6.092600 ms  DeleteObjects: 0.105600 ms)

AssetImportParameters requested are different than current active one (requested -> active):
  custom:framework-win-MediaFoundation: 216162199b28c13a410421893ffa2e32 -> 
  custom:video-decoder-ogg-theora: a1e56fd34408186e4bbccfd4996cb3dc -> 
  custom:container-muxer-webm: aa71ff27fc2769a1b78a27578f13a17b -> 
  custom:container-demuxer-webm: 4f35f7cbe854078d1ac9338744f61a02 -> 
  custom:container-demuxer-ogg: 62fdf1f143b41e24485cea50d1cbac27 -> 
  custom:video-encoder-webm-vp8: eb34c28f22e8b96e1ab97ce403110664 -> 
  custom:video-decoder-webm-vp8: 9c59270c3fd7afecdb556c50c9e8de78 -> 
  custom:audio-decoder-ogg-vorbis: bf7c407c2cedff20999df2af8eb42d56 -> 
  custom:audio-encoder-webm-vorbis: bf7c407c2cedff20999df2af8eb42d56 -> 
========================================================================
Received Import Request.
  Time since last request: 133.638000 seconds.
  path: Assets/DTT/Minigame Advertisements
  artifactKey: Guid(d9676175efcfbb7459175837e4393669) Importer(815301076,1909f56bfc062723c751e8b465ee728b)
Start importing Assets/DTT/Minigame Advertisements using Guid(d9676175efcfbb7459175837e4393669) Importer(815301076,1909f56bfc062723c751e8b465ee728b)  -> (artifact id: '93842f32173dbb593f26a5dea6aa9891') in 0.018903 seconds 
  Import took 0.028764 seconds .

========================================================================
Received Import Request.
  Time since last request: 0.000589 seconds.
  path: Assets/DTT/Minigame Base
  artifactKey: Guid(0de8544677d1ff442a4f93c227b31864) Importer(815301076,1909f56bfc062723c751e8b465ee728b)
Start importing Assets/DTT/Minigame Base using Guid(0de8544677d1ff442a4f93c227b31864) Importer(815301076,1909f56bfc062723c751e8b465ee728b)  -> (artifact id: 'bff6e9b9a3de377d8228dbb5477b985e') in 0.016709 seconds 
  Import took 0.029191 seconds .

========================================================================
Received Import Request.
  Time since last request: 0.000338 seconds.
  path: Assets/DTT/Minigame - Memory
  artifactKey: Guid(7a2a976f1caf5d649a62e528aa14082c) Importer(815301076,1909f56bfc062723c751e8b465ee728b)
Start importing Assets/DTT/Minigame - Memory using Guid(7a2a976f1caf5d649a62e528aa14082c) Importer(815301076,1909f56bfc062723c751e8b465ee728b)  -> (artifact id: '5b9e4effde41a44328eeb5b857ea3ad3') in 0.019980 seconds 
  Import took 0.029971 seconds .

========================================================================
Received Import Request.
  Time since last request: 0.000307 seconds.
  path: Assets/DTT
  artifactKey: Guid(f906f124411c71b4e8e5dac73d5c34e9) Importer(815301076,1909f56bfc062723c751e8b465ee728b)
Start importing Assets/DTT using Guid(f906f124411c71b4e8e5dac73d5c34e9) Importer(815301076,1909f56bfc062723c751e8b465ee728b)  -> (artifact id: 'b7f7a5a419d778b6293b919e248a3693') in 0.018192 seconds 
  Import took 0.034206 seconds .

========================================================================
Received Import Request.
  Time since last request: 0.778785 seconds.
  path: Assets/DTT/Editor Utilities
  artifactKey: Guid(72460f93b9e7c594a9ed73bc8549f51d) Importer(815301076,1909f56bfc062723c751e8b465ee728b)
Start importing Assets/DTT/Editor Utilities using Guid(72460f93b9e7c594a9ed73bc8549f51d) Importer(815301076,1909f56bfc062723c751e8b465ee728b)  -> (artifact id: '5df8cbf6a7c238dbca5b5cd1e3e13427') in 0.031565 seconds 
  Import took 0.044452 seconds .

========================================================================
Received Import Request.
  Time since last request: 1.883694 seconds.
  path: Assets/DTT/Publishing Tools
  artifactKey: Guid(3f9bea9ba224afb4aa2027e7edca2f5d) Importer(815301076,1909f56bfc062723c751e8b465ee728b)
Start importing Assets/DTT/Publishing Tools using Guid(3f9bea9ba224afb4aa2027e7edca2f5d) Importer(815301076,1909f56bfc062723c751e8b465ee728b)  -> (artifact id: 'a66ee2e9eeddb9ed8cbf7079a8554673') in 0.041259 seconds 
  Import took 0.059496 seconds .

========================================================================
Received Import Request.
  Time since last request: 2.378938 seconds.
  path: Assets/DTT/Publishing Tools/Runtime
  artifactKey: Guid(c1c0e1f0938184043922a3c32886ccd6) Importer(815301076,1909f56bfc062723c751e8b465ee728b)
Start importing Assets/DTT/Publishing Tools/Runtime using Guid(c1c0e1f0938184043922a3c32886ccd6) Importer(815301076,1909f56bfc062723c751e8b465ee728b)  -> (artifact id: '4bc7a81f2af9f09c0c98e11ac6e364a4') in 0.019523 seconds 
  Import took 0.033334 seconds .

========================================================================
Received Import Request.
  Time since last request: 0.003072 seconds.
  path: Assets/DTT/Publishing Tools/Runtime
  artifactKey: Guid(c1c0e1f0938184043922a3c32886ccd6) Importer(815301076,1909f56bfc062723c751e8b465ee728b)
Start importing Assets/DTT/Publishing Tools/Runtime using Guid(c1c0e1f0938184043922a3c32886ccd6) Importer(815301076,1909f56bfc062723c751e8b465ee728b)  -> (artifact id: '4bc7a81f2af9f09c0c98e11ac6e364a4') in 0.005826 seconds 
  Import took 0.019310 seconds .

========================================================================
Received Import Request.
  Time since last request: 0.074923 seconds.
  path: Assets/DTT/Publishing Tools/Runtime/DTT.PublishingTools.Runtime.asmdef
  artifactKey: Guid(42c715f93f2a87549bf83c68b0c29dd2) Importer(815301076,1909f56bfc062723c751e8b465ee728b)
Start importing Assets/DTT/Publishing Tools/Runtime/DTT.PublishingTools.Runtime.asmdef using Guid(42c715f93f2a87549bf83c68b0c29dd2) Importer(815301076,1909f56bfc062723c751e8b465ee728b)  -> (artifact id: '60b379df08e3d46b821de3db49eac085') in 0.026210 seconds 
  Import took 0.045626 seconds .

========================================================================
Received Import Request.
  Time since last request: 1.994123 seconds.
  path: Assets/DTT/Publishing Tools/Editor
  artifactKey: Guid(bb3e2bfb8efcf9f44bd7bbbb23f4eac9) Importer(815301076,1909f56bfc062723c751e8b465ee728b)
Start importing Assets/DTT/Publishing Tools/Editor using Guid(bb3e2bfb8efcf9f44bd7bbbb23f4eac9) Importer(815301076,1909f56bfc062723c751e8b465ee728b)  -> (artifact id: '9463c73003bffb6cbe189ffd28eac4bb') in 0.021687 seconds 
  Import took 0.035378 seconds .

========================================================================
Received Import Request.
  Time since last request: 0.067069 seconds.
  path: Assets/DTT/Publishing Tools/Editor/DTT.PublishingTools.Editor.asmdef
  artifactKey: Guid(b5e078f64d95bba4a8ba03b5b4940114) Importer(815301076,1909f56bfc062723c751e8b465ee728b)
Start importing Assets/DTT/Publishing Tools/Editor/DTT.PublishingTools.Editor.asmdef using Guid(b5e078f64d95bba4a8ba03b5b4940114) Importer(815301076,1909f56bfc062723c751e8b465ee728b)  -> (artifact id: 'ae16640538b91b9f135dc8036bb108bb') in 0.014531 seconds 
  Import took 0.025231 seconds .

========================================================================
Received Import Request.
  Time since last request: 4.662896 seconds.
  path: Assets/DTT/Runtime Utilities
  artifactKey: Guid(9aafe4462f684d146ac5c0cab168a6b9) Importer(815301076,1909f56bfc062723c751e8b465ee728b)
Start importing Assets/DTT/Runtime Utilities using Guid(9aafe4462f684d146ac5c0cab168a6b9) Importer(815301076,1909f56bfc062723c751e8b465ee728b)  -> (artifact id: '9dc9b8227ea884b869860421437f4e4f') in 0.018875 seconds 
  Import took 0.035939 seconds .

========================================================================
Received Import Request.
  Time since last request: 2.684353 seconds.
  path: Assets/DTT/Minigame Base/Documentation MinigameBase.docx.pdf
  artifactKey: Guid(0c2174e277a2b8d40a0d9649eaea87b5) Importer(815301076,1909f56bfc062723c751e8b465ee728b)
Start importing Assets/DTT/Minigame Base/Documentation MinigameBase.docx.pdf using Guid(0c2174e277a2b8d40a0d9649eaea87b5) Importer(815301076,1909f56bfc062723c751e8b465ee728b)  -> (artifact id: 'fe033c045102af17e5cc1aec9f99c19b') in 0.071681 seconds 
  Import took 0.082578 seconds .

========================================================================
Received Import Request.
  Time since last request: 1.219883 seconds.
  path: Assets/DTT/Minigame Base/Assets
  artifactKey: Guid(b76773a5237a391479a2ad427c2e4e46) Importer(815301076,1909f56bfc062723c751e8b465ee728b)
Start importing Assets/DTT/Minigame Base/Assets using Guid(b76773a5237a391479a2ad427c2e4e46) Importer(815301076,1909f56bfc062723c751e8b465ee728b)  -> (artifact id: '7d73485f92e380a05351745ad3125130') in 0.018137 seconds 
  Import took 0.032387 seconds .

========================================================================
Received Import Request.
  Time since last request: 1.454746 seconds.
  path: Assets/DTT/Minigame Base/Assets/Scenes
  artifactKey: Guid(7dd7581d2ecc7724bbbcb00d7b3ecf56) Importer(815301076,1909f56bfc062723c751e8b465ee728b)
Start importing Assets/DTT/Minigame Base/Assets/Scenes using Guid(7dd7581d2ecc7724bbbcb00d7b3ecf56) Importer(815301076,1909f56bfc062723c751e8b465ee728b)  -> (artifact id: '407b6bad69178839f95e9daa9c7186c0') in 0.004562 seconds 
  Import took 0.021273 seconds .

========================================================================
Received Import Request.
  Time since last request: 1.152713 seconds.
  path: Assets/DTT/Minigame Base/Assets/Scenes/DTT Level Select.unity
  artifactKey: Guid(12b509971f91314419189b6ccc01464d) Importer(815301076,1909f56bfc062723c751e8b465ee728b)
Start importing Assets/DTT/Minigame Base/Assets/Scenes/DTT Level Select.unity using Guid(12b509971f91314419189b6ccc01464d) Importer(815301076,1909f56bfc062723c751e8b465ee728b)  -> (artifact id: 'cf803ae8fa6fb64aa9e3f06a9299a27b') in 0.025372 seconds 
  Import took 0.038529 seconds .

07.10.2024 12:02:36|Error|<>c__DisplayClass70_0.<receiveRequest>b__0|An exception has occurred while reading an HTTP request/response.
========================================================================
Received Prepare
Registering precompiled user dll's ...
Registered in 0.009780 seconds.
Begin MonoManager ReloadAssembly
07.10.2024 12:03:04|Error|<>c__DisplayClass70_0.<receiveRequest>b__0|
07.10.2024 12:03:04|Fatal|WebSocketServer.receiveRequest|
Native extension for WindowsStandalone target not found
Refreshing native plugins compatible for Editor in 1.11 ms, found 2 plugins.
Preloading 0 native plugins for Editor in 0.00 ms.
Mono: successfully reloaded assembly
- Completed reload, in  3.814 seconds
Domain Reload Profiling:
	ReloadAssembly (3817ms)
		BeginReloadAssembly (491ms)
			ExecutionOrderSort (0ms)
			DisableScriptedObjects (15ms)
			BackupInstance (0ms)
			ReleaseScriptingObjects (0ms)
			CreateAndSetChildDomain (231ms)
		EndReloadAssembly (3148ms)
			LoadAssemblies (302ms)
			RebuildTransferFunctionScriptingTraits (0ms)
			SetupTypeCache (976ms)
			ReleaseScriptCaches (2ms)
			RebuildScriptCaches (84ms)
			SetupLoadedEditorAssemblies (1666ms)
				LogAssemblyErrors (0ms)
				InitializePlatformSupportModulesInManaged (7ms)
				SetLoadedEditorAssemblies (3ms)
				RefreshPlugins (1ms)
				BeforeProcessingInitializeOnLoad (217ms)
				ProcessInitializeOnLoadAttributes (601ms)
				ProcessInitializeOnLoadMethodAttributes (822ms)
				AfterProcessingInitializeOnLoad (14ms)
				EditorAssembliesLoaded (1ms)
			ExecutionOrderSort2 (0ms)
			AwakeInstancesAfterBackupRestoration (15ms)
Platform modules already initialized, skipping
Refreshing native plugins compatible for Editor in 1.12 ms, found 2 plugins.
Preloading 0 native plugins for Editor in 0.00 ms.
Unloading 2342 Unused Serialized files (Serialized files now loaded: 0)
System memory in use before: 104.2 MB.
System memory in use after: 104.4 MB.

Unloading 58 unused Assets to reduce memory usage. Loaded Objects now: 3658.
Total: 5.554100 ms (FindLiveObjects: 0.752200 ms CreateObjectMapping: 0.200800 ms MarkObjects: 4.505600 ms  DeleteObjects: 0.091700 ms)

AssetImportParameters requested are different than current active one (requested -> active):
  custom:framework-win-MediaFoundation: 216162199b28c13a410421893ffa2e32 -> 
  custom:video-decoder-ogg-theora: a1e56fd34408186e4bbccfd4996cb3dc -> 
  custom:container-muxer-webm: aa71ff27fc2769a1b78a27578f13a17b -> 
  custom:container-demuxer-webm: 4f35f7cbe854078d1ac9338744f61a02 -> 
  custom:container-demuxer-ogg: 62fdf1f143b41e24485cea50d1cbac27 -> 
  custom:video-encoder-webm-vp8: eb34c28f22e8b96e1ab97ce403110664 -> 
  custom:video-decoder-webm-vp8: 9c59270c3fd7afecdb556c50c9e8de78 -> 
  custom:audio-decoder-ogg-vorbis: bf7c407c2cedff20999df2af8eb42d56 -> 
  custom:audio-encoder-webm-vorbis: bf7c407c2cedff20999df2af8eb42d56 -> 
07.10.2024 12:04:37|Error|<>c__DisplayClass70_0.<receiveRequest>b__0|An exception has occurred while reading an HTTP request/response.
07.10.2024 12:04:38|Error|<>c__DisplayClass70_0.<receiveRequest>b__0|A timeout has occurred while reading an HTTP request/response.
========================================================================
Received Prepare
Registering precompiled user dll's ...
Registered in 0.010052 seconds.
Begin MonoManager ReloadAssembly
07.10.2024 12:06:01|Fatal|WebSocketServer.receiveRequest|
Native extension for WindowsStandalone target not found
Refreshing native plugins compatible for Editor in 1.40 ms, found 2 plugins.
Preloading 0 native plugins for Editor in 0.00 ms.
Mono: successfully reloaded assembly
- Completed reload, in  5.311 seconds
Domain Reload Profiling:
	ReloadAssembly (5313ms)
		BeginReloadAssembly (267ms)
			ExecutionOrderSort (0ms)
			DisableScriptedObjects (11ms)
			BackupInstance (0ms)
			ReleaseScriptingObjects (0ms)
			CreateAndSetChildDomain (94ms)
		EndReloadAssembly (4553ms)
			LoadAssemblies (991ms)
			RebuildTransferFunctionScriptingTraits (0ms)
			SetupTypeCache (1164ms)
			ReleaseScriptCaches (2ms)
			RebuildScriptCaches (111ms)
			SetupLoadedEditorAssemblies (1895ms)
				LogAssemblyErrors (0ms)
				InitializePlatformSupportModulesInManaged (8ms)
				SetLoadedEditorAssemblies (1ms)
				RefreshPlugins (2ms)
				BeforeProcessingInitializeOnLoad (232ms)
				ProcessInitializeOnLoadAttributes (751ms)
				ProcessInitializeOnLoadMethodAttributes (884ms)
				AfterProcessingInitializeOnLoad (17ms)
				EditorAssembliesLoaded (1ms)
			ExecutionOrderSort2 (0ms)
			AwakeInstancesAfterBackupRestoration (21ms)
Platform modules already initialized, skipping
Refreshing native plugins compatible for Editor in 1.30 ms, found 2 plugins.
Preloading 0 native plugins for Editor in 0.00 ms.
Unloading 2342 Unused Serialized files (Serialized files now loaded: 0)
System memory in use before: 104.2 MB.
System memory in use after: 104.5 MB.

Unloading 58 unused Assets to reduce memory usage. Loaded Objects now: 3665.
Total: 5.231100 ms (FindLiveObjects: 0.574200 ms CreateObjectMapping: 0.200400 ms MarkObjects: 4.368300 ms  DeleteObjects: 0.083800 ms)

AssetImportParameters requested are different than current active one (requested -> active):
  custom:framework-win-MediaFoundation: 216162199b28c13a410421893ffa2e32 -> 
  custom:video-decoder-ogg-theora: a1e56fd34408186e4bbccfd4996cb3dc -> 
  custom:container-muxer-webm: aa71ff27fc2769a1b78a27578f13a17b -> 
  custom:container-demuxer-webm: 4f35f7cbe854078d1ac9338744f61a02 -> 
  custom:container-demuxer-ogg: 62fdf1f143b41e24485cea50d1cbac27 -> 
  custom:video-encoder-webm-vp8: eb34c28f22e8b96e1ab97ce403110664 -> 
  custom:video-decoder-webm-vp8: 9c59270c3fd7afecdb556c50c9e8de78 -> 
  custom:audio-decoder-ogg-vorbis: bf7c407c2cedff20999df2af8eb42d56 -> 
  custom:audio-encoder-webm-vorbis: bf7c407c2cedff20999df2af8eb42d56 -> 
========================================================================
Received Import Request.
  Time since last request: 221.054643 seconds.
  path: Assets/DTT/Minigame Advertisements/Demo
  artifactKey: Guid(6e0c78aa1ffcfe142aa65096c9ac7faa) Importer(815301076,1909f56bfc062723c751e8b465ee728b)
Start importing Assets/DTT/Minigame Advertisements/Demo using Guid(6e0c78aa1ffcfe142aa65096c9ac7faa) Importer(815301076,1909f56bfc062723c751e8b465ee728b)  -> (artifact id: 'cc35f155762a17a59131a08cb5f9d7ed') in 0.032616 seconds 
  Import took 0.067959 seconds .

========================================================================
Received Import Request.
  Time since last request: 0.770568 seconds.
  path: Assets/DTT/Minigame Advertisements/Demo/Scenes
  artifactKey: Guid(e036050ab9289de46bb16b20f6aa9ef3) Importer(815301076,1909f56bfc062723c751e8b465ee728b)
Start importing Assets/DTT/Minigame Advertisements/Demo/Scenes using Guid(e036050ab9289de46bb16b20f6aa9ef3) Importer(815301076,1909f56bfc062723c751e8b465ee728b)  -> (artifact id: '1c34a963bfc202d7bf471a19c44a0a20') in 0.020144 seconds 
  Import took 0.035938 seconds .

========================================================================
Received Import Request.
  Time since last request: 0.649060 seconds.
  path: Assets/DTT/Minigame Advertisements/Demo/Scenes/Demo Advertisements.unity
  artifactKey: Guid(1ceb3825808a56543b9de75ac79fe71d) Importer(815301076,1909f56bfc062723c751e8b465ee728b)
Start importing Assets/DTT/Minigame Advertisements/Demo/Scenes/Demo Advertisements.unity using Guid(1ceb3825808a56543b9de75ac79fe71d) Importer(815301076,1909f56bfc062723c751e8b465ee728b)  -> (artifact id: '66cc03f720dedad0c6602a7fbe2c2ea0') in 0.051934 seconds 
  Import took 0.068972 seconds .

07.10.2024 12:06:36|Error|<>c__DisplayClass70_0.<receiveRequest>b__0|An exception has occurred while reading an HTTP request/response.
========================================================================
Received Prepare
Registering precompiled user dll's ...
Registered in 0.008745 seconds.
Begin MonoManager ReloadAssembly
07.10.2024 12:06:49|Error|<>c__DisplayClass70_0.<receiveRequest>b__0|
07.10.2024 12:06:49|Fatal|WebSocketServer.receiveRequest|
Native extension for WindowsStandalone target not found
Refreshing native plugins compatible for Editor in 1.59 ms, found 2 plugins.
Preloading 0 native plugins for Editor in 0.00 ms.
Mono: successfully reloaded assembly
- Completed reload, in  3.648 seconds
Domain Reload Profiling:
	ReloadAssembly (3649ms)
		BeginReloadAssembly (327ms)
			ExecutionOrderSort (0ms)
			DisableScriptedObjects (8ms)
			BackupInstance (0ms)
			ReleaseScriptingObjects (0ms)
			CreateAndSetChildDomain (180ms)
		EndReloadAssembly (3196ms)
			LoadAssemblies (199ms)
			RebuildTransferFunctionScriptingTraits (0ms)
			SetupTypeCache (823ms)
			ReleaseScriptCaches (2ms)
			RebuildScriptCaches (84ms)
			SetupLoadedEditorAssemblies (1798ms)
				LogAssemblyErrors (0ms)
				InitializePlatformSupportModulesInManaged (10ms)
				SetLoadedEditorAssemblies (1ms)
				RefreshPlugins (2ms)
				BeforeProcessingInitializeOnLoad (204ms)
				ProcessInitializeOnLoadAttributes (615ms)
				ProcessInitializeOnLoadMethodAttributes (948ms)
				AfterProcessingInitializeOnLoad (18ms)
				EditorAssembliesLoaded (1ms)
			ExecutionOrderSort2 (0ms)
			AwakeInstancesAfterBackupRestoration (23ms)
Platform modules already initialized, skipping
Refreshing native plugins compatible for Editor in 1.51 ms, found 2 plugins.
Preloading 0 native plugins for Editor in 0.00 ms.
Unloading 2342 Unused Serialized files (Serialized files now loaded: 0)
System memory in use before: 104.3 MB.
System memory in use after: 104.5 MB.

Unloading 58 unused Assets to reduce memory usage. Loaded Objects now: 3672.
Total: 19.623500 ms (FindLiveObjects: 0.576400 ms CreateObjectMapping: 0.222600 ms MarkObjects: 18.719700 ms  DeleteObjects: 0.101400 ms)

AssetImportParameters requested are different than current active one (requested -> active):
  custom:framework-win-MediaFoundation: 216162199b28c13a410421893ffa2e32 -> 
  custom:video-decoder-ogg-theora: a1e56fd34408186e4bbccfd4996cb3dc -> 
  custom:container-muxer-webm: aa71ff27fc2769a1b78a27578f13a17b -> 
  custom:container-demuxer-webm: 4f35f7cbe854078d1ac9338744f61a02 -> 
  custom:container-demuxer-ogg: 62fdf1f143b41e24485cea50d1cbac27 -> 
  custom:video-encoder-webm-vp8: eb34c28f22e8b96e1ab97ce403110664 -> 
  custom:video-decoder-webm-vp8: 9c59270c3fd7afecdb556c50c9e8de78 -> 
  custom:audio-decoder-ogg-vorbis: bf7c407c2cedff20999df2af8eb42d56 -> 
  custom:audio-encoder-webm-vorbis: bf7c407c2cedff20999df2af8eb42d56 -> 
07.10.2024 12:08:24|Error|<>c__DisplayClass70_0.<receiveRequest>b__0|A timeout has occurred while reading an HTTP request/response.
========================================================================
Received Import Request.
  Time since last request: 305.079846 seconds.
  path: Assets/Scenes
  artifactKey: Guid(34dde9986ca125c44b67f7f2123e6ab5) Importer(815301076,1909f56bfc062723c751e8b465ee728b)
Start importing Assets/Scenes using Guid(34dde9986ca125c44b67f7f2123e6ab5) Importer(815301076,1909f56bfc062723c751e8b465ee728b)  -> (artifact id: '4a278e977b4a988765ec2476c30a3887') in 0.035188 seconds 
  Import took 0.070681 seconds .

========================================================================
Received Import Request.
  Time since last request: 0.890745 seconds.
  path: Assets/Scenes/SampleScene.unity
  artifactKey: Guid(9fc0d4010bbf28b4594072e72b8655ab) Importer(815301076,1909f56bfc062723c751e8b465ee728b)
Start importing Assets/Scenes/SampleScene.unity using Guid(9fc0d4010bbf28b4594072e72b8655ab) Importer(815301076,1909f56bfc062723c751e8b465ee728b)  -> (artifact id: '85059f4f9e1a832ed95adaa0d25c5c4c') in 0.043381 seconds 
  Import took 0.087741 seconds .

07.10.2024 12:11:55|Error|<>c__DisplayClass70_0.<receiveRequest>b__0|An exception has occurred while reading an HTTP request/response.
========================================================================
Received Prepare
Registering precompiled user dll's ...
Registered in 0.057175 seconds.
Begin MonoManager ReloadAssembly
07.10.2024 12:12:52|Fatal|WebSocketServer.receiveRequest|
Native extension for WindowsStandalone target not found
Refreshing native plugins compatible for Editor in 1.49 ms, found 2 plugins.
Preloading 0 native plugins for Editor in 0.00 ms.
Mono: successfully reloaded assembly
- Completed reload, in  3.435 seconds
Domain Reload Profiling:
	ReloadAssembly (3436ms)
		BeginReloadAssembly (230ms)
			ExecutionOrderSort (0ms)
			DisableScriptedObjects (8ms)
			BackupInstance (0ms)
			ReleaseScriptingObjects (0ms)
			CreateAndSetChildDomain (81ms)
		EndReloadAssembly (3063ms)
			LoadAssemblies (202ms)
			RebuildTransferFunctionScriptingTraits (0ms)
			SetupTypeCache (831ms)
			ReleaseScriptCaches (2ms)
			RebuildScriptCaches (97ms)
			SetupLoadedEditorAssemblies (1656ms)
				LogAssemblyErrors (0ms)
				InitializePlatformSupportModulesInManaged (9ms)
				SetLoadedEditorAssemblies (1ms)
				RefreshPlugins (2ms)
				BeforeProcessingInitializeOnLoad (184ms)
				ProcessInitializeOnLoadAttributes (620ms)
				ProcessInitializeOnLoadMethodAttributes (817ms)
				AfterProcessingInitializeOnLoad (22ms)
				EditorAssembliesLoaded (1ms)
			ExecutionOrderSort2 (0ms)
			AwakeInstancesAfterBackupRestoration (16ms)
Platform modules already initialized, skipping
Refreshing native plugins compatible for Editor in 1.40 ms, found 2 plugins.
Preloading 0 native plugins for Editor in 0.00 ms.
Unloading 2342 Unused Serialized files (Serialized files now loaded: 0)
System memory in use before: 104.3 MB.
System memory in use after: 104.5 MB.

Unloading 58 unused Assets to reduce memory usage. Loaded Objects now: 3679.
Total: 5.031500 ms (FindLiveObjects: 0.519400 ms CreateObjectMapping: 0.199200 ms MarkObjects: 4.235400 ms  DeleteObjects: 0.075100 ms)

AssetImportParameters requested are different than current active one (requested -> active):
  custom:framework-win-MediaFoundation: 216162199b28c13a410421893ffa2e32 -> 
  custom:video-decoder-ogg-theora: a1e56fd34408186e4bbccfd4996cb3dc -> 
  custom:container-muxer-webm: aa71ff27fc2769a1b78a27578f13a17b -> 
  custom:container-demuxer-webm: 4f35f7cbe854078d1ac9338744f61a02 -> 
  custom:container-demuxer-ogg: 62fdf1f143b41e24485cea50d1cbac27 -> 
  custom:video-encoder-webm-vp8: eb34c28f22e8b96e1ab97ce403110664 -> 
  custom:video-decoder-webm-vp8: 9c59270c3fd7afecdb556c50c9e8de78 -> 
  custom:audio-decoder-ogg-vorbis: bf7c407c2cedff20999df2af8eb42d56 -> 
  custom:audio-encoder-webm-vorbis: bf7c407c2cedff20999df2af8eb42d56 -> 
AssetImportWorkerClient::OnTransportError - code=2 error=End of file
